<?xml version="1.0" encoding="UTF-8"?>
<!-- Generated by org.testng.reporters.JUnitReportReporter -->
<testsuite hostname="aditya-konda" failures="0" tests="1" name="tests.LoginTest" time="153.488" errors="0" timestamp="2025-07-03T11:42:45 IST" skipped="0">
  <testcase classname="tests.LoginTest" name="runAllLogins" time="153.488"/>
</testsuite> <!-- tests.LoginTest -->
