<?xml version="1.0" encoding="UTF-8"?>
<!-- Generated by org.testng.reporters.JUnitReportReporter -->
<testsuite hostname="aditya-konda" failures="0" tests="1" name="tests.AddUserTest" time="45.468" errors="0" timestamp="2025-07-03T16:05:24 IST" skipped="0">
  <testcase classname="tests.AddUserTest" name="addNewUserFlow" time="45.468"/>
</testsuite> <!-- tests.AddUserTest -->
